[debug] [2023-02-21T00:20:27.722Z] ----------------------------------------------------------------------
[debug] [2023-02-21T00:20:27.724Z] Command:       C:\Program Files\nodejs\node.exe C:\Users\Nathan\AppData\Roaming\npm\node_modules\firebase-tools\lib\bin\firebase.js init
[debug] [2023-02-21T00:20:27.724Z] CLI Version:   11.23.1
[debug] [2023-02-21T00:20:27.724Z] Platform:      win32
[debug] [2023-02-21T00:20:27.725Z] Node Version:  v18.13.0
[debug] [2023-02-21T00:20:27.725Z] Time:          Mon Feb 20 2023 16:20:27 GMT-0800 (Pacific Standard Time)
[debug] [2023-02-21T00:20:27.726Z] ----------------------------------------------------------------------
[debug] 
[debug] [2023-02-21T00:20:27.734Z] > command requires scopes: ["email","openid","https://www.googleapis.com/auth/cloudplatformprojects.readonly","https://www.googleapis.com/auth/firebase","https://www.googleapis.com/auth/cloud-platform"]
[debug] [2023-02-21T00:20:27.734Z] > authorizing via signed-in user (scottynate05@yahoo.com)
[info] 
     ######## #### ########  ######## ########     ###     ######  ########
     ##        ##  ##     ## ##       ##     ##  ##   ##  ##       ##
     ######    ##  ########  ######   ########  #########  ######  ######
     ##        ##  ##    ##  ##       ##     ## ##     ##       ## ##
     ##       #### ##     ## ######## ########  ##     ##  ######  ########

You're about to initialize a Firebase project in this directory:

  C:\Users\Nathan\Desktop\Software Projects\Superchat\superchat

[info] 
=== Project Setup
[info] 
[info] First, let's associate this project directory with a Firebase project.
[info] You can create multiple project aliases by running firebase use --add, 
[info] but for now we'll just set up a default project.
[info] 
[debug] [2023-02-21T00:21:04.354Z] >>> [apiv2][query] GET https://firebase.googleapis.com/v1beta1/projects pageSize=100
[debug] [2023-02-21T00:21:05.343Z] <<< [apiv2][status] GET https://firebase.googleapis.com/v1beta1/projects 200
[debug] [2023-02-21T00:21:05.343Z] <<< [apiv2][body] GET https://firebase.googleapis.com/v1beta1/projects [omitted]
[info] i  Using project chat-7099f (CultChat) 
[info] 
=== Database Setup
[info] i  database: ensuring required API firebasedatabase.googleapis.com is enabled... 
[debug] [2023-02-21T00:21:07.151Z] >>> [apiv2][query] GET https://serviceusage.googleapis.com/v1/projects/chat-7099f/services/firebasedatabase.googleapis.com [none]
[debug] [2023-02-21T00:21:07.151Z] >>> [apiv2][(partial)header] GET https://serviceusage.googleapis.com/v1/projects/chat-7099f/services/firebasedatabase.googleapis.com x-goog-quota-user=projects/chat-7099f
[debug] [2023-02-21T00:21:07.721Z] <<< [apiv2][status] GET https://serviceusage.googleapis.com/v1/projects/chat-7099f/services/firebasedatabase.googleapis.com 200
[debug] [2023-02-21T00:21:07.721Z] <<< [apiv2][body] GET https://serviceusage.googleapis.com/v1/projects/chat-7099f/services/firebasedatabase.googleapis.com [omitted]
[warn] !  database: missing required API firebasedatabase.googleapis.com. Enabling now... 
[debug] [2023-02-21T00:21:07.722Z] >>> [apiv2][query] POST https://serviceusage.googleapis.com/v1/projects/chat-7099f/services/firebasedatabase.googleapis.com:enable [none]
[debug] [2023-02-21T00:21:07.722Z] >>> [apiv2][(partial)header] POST https://serviceusage.googleapis.com/v1/projects/chat-7099f/services/firebasedatabase.googleapis.com:enable x-goog-quota-user=projects/chat-7099f
[debug] [2023-02-21T00:21:08.488Z] <<< [apiv2][status] POST https://serviceusage.googleapis.com/v1/projects/chat-7099f/services/firebasedatabase.googleapis.com:enable 200
[debug] [2023-02-21T00:21:08.488Z] <<< [apiv2][body] POST https://serviceusage.googleapis.com/v1/projects/chat-7099f/services/firebasedatabase.googleapis.com:enable [omitted]
[debug] [2023-02-21T00:21:18.490Z] >>> [apiv2][query] GET https://serviceusage.googleapis.com/v1/projects/chat-7099f/services/firebasedatabase.googleapis.com [none]
[debug] [2023-02-21T00:21:18.491Z] >>> [apiv2][(partial)header] GET https://serviceusage.googleapis.com/v1/projects/chat-7099f/services/firebasedatabase.googleapis.com x-goog-quota-user=projects/chat-7099f
[debug] [2023-02-21T00:21:18.964Z] <<< [apiv2][status] GET https://serviceusage.googleapis.com/v1/projects/chat-7099f/services/firebasedatabase.googleapis.com 200
[debug] [2023-02-21T00:21:18.965Z] <<< [apiv2][body] GET https://serviceusage.googleapis.com/v1/projects/chat-7099f/services/firebasedatabase.googleapis.com [omitted]
[info] +  database: required API firebasedatabase.googleapis.com is enabled 
[info] 
[debug] [2023-02-21T00:21:18.968Z] >>> [apiv2][query] GET https://firebase.googleapis.com/v1beta1/projects/chat-7099f [none]
[debug] [2023-02-21T00:21:19.191Z] <<< [apiv2][status] GET https://firebase.googleapis.com/v1beta1/projects/chat-7099f 200
[debug] [2023-02-21T00:21:19.191Z] <<< [apiv2][body] GET https://firebase.googleapis.com/v1beta1/projects/chat-7099f {"projectId":"chat-7099f","projectNumber":"883592581289","displayName":"CultChat","name":"projects/chat-7099f","resources":{"hostingSite":"chat-7099f"},"state":"ACTIVE","etag":"1_66fb60b3-e8a7-45c2-bec7-2b74c5740214"}
